<?xml version="1.0" encoding="UTF-8"?>
<testng-results total="1" passed="1" failed="0" skipped="0">
  <reporter-output>
  </reporter-output>
  <suite started-at="2023-05-21T00:01:06Z" name="test.com.TjmaxTest" finished-at="2023-05-21T00:01:20Z" duration-ms="13295">
    <groups>
    </groups>
    <test started-at="2023-05-21T00:01:06Z" name="Command line test" finished-at="2023-05-21T00:01:20Z" duration-ms="13295">
      <class name="test.com.TjmaxTest">
        <test-method is-config="true" signature="setUpClass()[pri:0, instance:test.com.TjmaxTest@3f9342d4]" started-at="2023-05-20T20:01:06Z" name="setUpClass" finished-at="2023-05-20T20:01:06Z" duration-ms="6" status="PASS">
          <reporter-output>
          </reporter-output>
        </test-method> <!-- setUpClass -->
        <test-method signature="testLoginTestCase1()[pri:0, instance:test.com.TjmaxTest@3f9342d4]" started-at="2023-05-20T20:01:06Z" name="testLoginTestCase1" finished-at="2023-05-20T20:01:20Z" duration-ms="13171" status="PASS">
          <reporter-output>
          </reporter-output>
        </test-method> <!-- testLoginTestCase1 -->
        <test-method is-config="true" signature="setUpMethod()[pri:0, instance:test.com.TjmaxTest@3f9342d4]" started-at="2023-05-20T20:01:06Z" name="setUpMethod" finished-at="2023-05-20T20:01:06Z" duration-ms="0" status="PASS">
          <reporter-output>
          </reporter-output>
        </test-method> <!-- setUpMethod -->
        <test-method is-config="true" signature="tearDownMethod()[pri:0, instance:test.com.TjmaxTest@3f9342d4]" started-at="2023-05-20T20:01:20Z" name="tearDownMethod" finished-at="2023-05-20T20:01:20Z" duration-ms="111" status="PASS">
          <reporter-output>
          </reporter-output>
        </test-method> <!-- tearDownMethod -->
        <test-method is-config="true" signature="tearDownClass()[pri:0, instance:test.com.TjmaxTest@3f9342d4]" started-at="2023-05-20T20:01:20Z" name="tearDownClass" finished-at="2023-05-20T20:01:20Z" duration-ms="0" status="PASS">
          <reporter-output>
          </reporter-output>
        </test-method> <!-- tearDownClass -->
      </class> <!-- test.com.TjmaxTest -->
    </test> <!-- Command line test -->
  </suite> <!-- test.com.TjmaxTest -->
</testng-results>
